Performing C SOURCE FILE Test CMAKE_HAVE_LIBC_PTHREAD failed with the following output:
Change Dir: /home/runner/Caesar-Cipher-1-comp-339-439-ds-2/build/CMakeFiles/CMakeTmp

Run Build Command(s):/nix/store/pvkiiw0mp1yx0b21b7k105yywccychgh-gnumake-4.3/bin/make cmTC_83a79/fast && /nix/store/pvkiiw0mp1yx0b21b7k105yywccychgh-gnumake-4.3/bin/make  -f CMakeFiles/cmTC_83a79.dir/build.make CMakeFiles/cmTC_83a79.dir/build
make[1]: Entering directory '/home/runner/Caesar-Cipher-1-comp-339-439-ds-2/build/CMakeFiles/CMakeTmp'
Building C object CMakeFiles/cmTC_83a79.dir/src.c.o
/nix/store/4xs1xyj8728yvh9y5v6ji819kwgfy2fv-gcc-wrapper-10.3.0/bin/gcc -DCMAKE_HAVE_LIBC_PTHREAD   -o CMakeFiles/cmTC_83a79.dir/src.c.o -c /home/runner/Caesar-Cipher-1-comp-339-439-ds-2/build/CMakeFiles/CMakeTmp/src.c
Linking C executable cmTC_83a79
/nix/store/cbxqzxwlga5pm9rk8qa8fgv5387r540l-cmake-3.19.7/bin/cmake -E cmake_link_script CMakeFiles/cmTC_83a79.dir/link.txt --verbose=1
/nix/store/4xs1xyj8728yvh9y5v6ji819kwgfy2fv-gcc-wrapper-10.3.0/bin/gcc -rdynamic CMakeFiles/cmTC_83a79.dir/src.c.o -o cmTC_83a79 
/nix/store/v8imx1nvyz0hgvx9cbcmh6gp4ngw3ffj-binutils-2.35.1/bin/ld: CMakeFiles/cmTC_83a79.dir/src.c.o: in function `main':
src.c:(.text.startup+0x23): undefined reference to `pthread_create'
/nix/store/v8imx1nvyz0hgvx9cbcmh6gp4ngw3ffj-binutils-2.35.1/bin/ld: src.c:(.text.startup+0x2c): undefined reference to `pthread_detach'
/nix/store/v8imx1nvyz0hgvx9cbcmh6gp4ngw3ffj-binutils-2.35.1/bin/ld: src.c:(.text.startup+0x35): undefined reference to `pthread_cancel'
/nix/store/v8imx1nvyz0hgvx9cbcmh6gp4ngw3ffj-binutils-2.35.1/bin/ld: src.c:(.text.startup+0x40): undefined reference to `pthread_join'
collect2: error: ld returned 1 exit status
make[1]: *** [CMakeFiles/cmTC_83a79.dir/build.make:106: cmTC_83a79] Error 1
make[1]: Leaving directory '/home/runner/Caesar-Cipher-1-comp-339-439-ds-2/build/CMakeFiles/CMakeTmp'
make: *** [Makefile:140: cmTC_83a79/fast] Error 2


Source file was:
#include <pthread.h>

static void* test_func(void* data)
{
  return data;
}

int main(void)
{
  pthread_t thread;
  pthread_create(&thread, NULL, test_func, NULL);
  pthread_detach(thread);
  pthread_cancel(thread);
  pthread_join(thread, NULL);
  pthread_atfork(NULL, NULL, NULL);
  pthread_exit(NULL);

  return 0;
}

Determining if the function pthread_create exists in the pthreads failed with the following output:
Change Dir: /home/runner/Caesar-Cipher-1-comp-339-439-ds-2/build/CMakeFiles/CMakeTmp

Run Build Command(s):/nix/store/pvkiiw0mp1yx0b21b7k105yywccychgh-gnumake-4.3/bin/make cmTC_2e093/fast && /nix/store/pvkiiw0mp1yx0b21b7k105yywccychgh-gnumake-4.3/bin/make  -f CMakeFiles/cmTC_2e093.dir/build.make CMakeFiles/cmTC_2e093.dir/build
make[1]: Entering directory '/home/runner/Caesar-Cipher-1-comp-339-439-ds-2/build/CMakeFiles/CMakeTmp'
Building C object CMakeFiles/cmTC_2e093.dir/CheckFunctionExists.c.o
/nix/store/4xs1xyj8728yvh9y5v6ji819kwgfy2fv-gcc-wrapper-10.3.0/bin/gcc   -DCHECK_FUNCTION_EXISTS=pthread_create -o CMakeFiles/cmTC_2e093.dir/CheckFunctionExists.c.o -c /nix/store/cbxqzxwlga5pm9rk8qa8fgv5387r540l-cmake-3.19.7/share/cmake-3.19/Modules/CheckFunctionExists.c
Linking C executable cmTC_2e093
/nix/store/cbxqzxwlga5pm9rk8qa8fgv5387r540l-cmake-3.19.7/bin/cmake -E cmake_link_script CMakeFiles/cmTC_2e093.dir/link.txt --verbose=1
/nix/store/4xs1xyj8728yvh9y5v6ji819kwgfy2fv-gcc-wrapper-10.3.0/bin/gcc  -DCHECK_FUNCTION_EXISTS=pthread_create -rdynamic CMakeFiles/cmTC_2e093.dir/CheckFunctionExists.c.o -o cmTC_2e093  -lpthreads 
/nix/store/v8imx1nvyz0hgvx9cbcmh6gp4ngw3ffj-binutils-2.35.1/bin/ld: cannot find -lpthreads
collect2: error: ld returned 1 exit status
make[1]: *** [CMakeFiles/cmTC_2e093.dir/build.make:106: cmTC_2e093] Error 1
make[1]: Leaving directory '/home/runner/Caesar-Cipher-1-comp-339-439-ds-2/build/CMakeFiles/CMakeTmp'
make: *** [Makefile:140: cmTC_2e093/fast] Error 2



